<?xml version="1.0" encoding="UTF-8"?>
<coverage generated="1683876179527" clover="3.2.0">
  <project timestamp="1683876179528" name="All files">
    <metrics statements="29" coveredstatements="17" conditionals="6" coveredconditionals="1" methods="8" coveredmethods="3" elements="43" coveredelements="21" complexity="0" loc="29" ncloc="29" packages="1" files="2" classes="2"/>
    <file name="storage.js" path="C:\Users\Lenovo\Desktop\microverse\to-do-list\src\storage.js">
      <metrics statements="5" coveredstatements="3" conditionals="2" coveredconditionals="0" methods="2" coveredmethods="0"/>
      <line num="1" count="1" type="stmt"/>
      <line num="3" count="1" type="stmt"/>
      <line num="4" count="0" type="cond" truecount="0" falsecount="2"/>
      <line num="5" count="0" type="stmt"/>
      <line num="8" count="1" type="stmt"/>
    </file>
    <file name="util.js" path="C:\Users\Lenovo\Desktop\microverse\to-do-list\src\util.js">
      <metrics statements="24" coveredstatements="14" conditionals="4" coveredconditionals="1" methods="6" coveredmethods="3"/>
      <line num="1" count="1" type="stmt"/>
      <line num="3" count="1" type="stmt"/>
      <line num="5" count="1" type="stmt"/>
      <line num="6" count="1" type="stmt"/>
      <line num="7" count="1" type="stmt"/>
      <line num="8" count="1" type="stmt"/>
      <line num="11" count="1" type="stmt"/>
      <line num="12" count="1" type="stmt"/>
      <line num="13" count="1" type="cond" truecount="1" falsecount="1"/>
      <line num="15" count="1" type="stmt"/>
      <line num="16" count="0" type="stmt"/>
      <line num="19" count="1" type="stmt"/>
      <line num="20" count="1" type="stmt"/>
      <line num="23" count="1" type="stmt"/>
      <line num="24" count="0" type="stmt"/>
      <line num="25" count="0" type="stmt"/>
      <line num="37" count="0" type="stmt"/>
      <line num="38" count="0" type="cond" truecount="0" falsecount="2"/>
      <line num="39" count="0" type="stmt"/>
      <line num="40" count="0" type="stmt"/>
      <line num="43" count="0" type="stmt"/>
      <line num="52" count="0" type="stmt"/>
      <line num="56" count="0" type="stmt"/>
      <line num="59" count="1" type="stmt"/>
    </file>
  </project>
</coverage>
