{"C:\\Users\\Lenovo\\Desktop\\microverse\\to-do-list\\src\\storage.js": {"path":"C:\\Users\\Lenovo\\Desktop\\microverse\\to-do-list\\src\\storage.js","statementMap":{"0":{"start":{"line":1,"column":17},"end":{"line":1,"column":81}},"1":{"start":{"line":1,"column":27},"end":{"line":1,"column":81}},"2":{"start":{"line":3,"column":20},"end":{"line":6,"column":1}},"3":{"start":{"line":4,"column":23},"end":{"line":4,"column":73}},"4":{"start":{"line":5,"column":2},"end":{"line":5,"column":22}},"5":{"start":{"line":8,"column":0},"end":{"line":8,"column":43}}},"fnMap":{"0":{"name":"(anonymous_0)","decl":{"start":{"line":1,"column":17},"end":{"line":1,"column":18}},"loc":{"start":{"line":1,"column":27},"end":{"line":1,"column":81}},"line":1},"1":{"name":"(anonymous_1)","decl":{"start":{"line":3,"column":20},"end":{"line":3,"column":21}},"loc":{"start":{"line":3,"column":26},"end":{"line":6,"column":1}},"line":3}},"branchMap":{"0":{"loc":{"start":{"line":4,"column":23},"end":{"line":4,"column":73}},"type":"binary-expr","locations":[{"start":{"line":4,"column":23},"end":{"line":4,"column":67}},{"start":{"line":4,"column":71},"end":{"line":4,"column":73}}],"line":4}},"s":{"0":1,"1":0,"2":1,"3":0,"4":0,"5":1},"f":{"0":0,"1":0},"b":{"0":[0,0]},"_coverageSchema":"1a1c01bbd47fc00a2c39e90264f33305004495a9","hash":"225eb24c788bd3f2613562dbc0e0df847e61324d"}
,"C:\\Users\\Lenovo\\Desktop\\microverse\\to-do-list\\src\\util.js": {"path":"C:\\Users\\Lenovo\\Desktop\\microverse\\to-do-list\\src\\util.js","statementMap":{"0":{"start":{"line":1,"column":21},"end":{"line":1,"column":44}},"1":{"start":{"line":3,"column":13},"end":{"line":3,"column":15}},"2":{"start":{"line":5,"column":16},"end":{"line":9,"column":1}},"3":{"start":{"line":6,"column":2},"end":{"line":6,"column":78}},"4":{"start":{"line":7,"column":2},"end":{"line":7,"column":19}},"5":{"start":{"line":8,"column":2},"end":{"line":8,"column":16}},"6":{"start":{"line":11,"column":19},"end":{"line":21,"column":1}},"7":{"start":{"line":12,"column":12},"end":{"line":12,"column":54}},"8":{"start":{"line":12,"column":39},"end":{"line":12,"column":53}},"9":{"start":{"line":13,"column":2},"end":{"line":13,"column":34}},"10":{"start":{"line":13,"column":14},"end":{"line":13,"column":34}},"11":{"start":{"line":15,"column":2},"end":{"line":17,"column":5}},"12":{"start":{"line":16,"column":4},"end":{"line":16,"column":24}},"13":{"start":{"line":19,"column":2},"end":{"line":19,"column":19}},"14":{"start":{"line":20,"column":2},"end":{"line":20,"column":16}},"15":{"start":{"line":23,"column":20},"end":{"line":57,"column":1}},"16":{"start":{"line":24,"column":2},"end":{"line":24,"column":25}},"17":{"start":{"line":25,"column":2},"end":{"line":36,"column":8}},"18":{"start":{"line":37,"column":2},"end":{"line":37,"column":49}},"19":{"start":{"line":38,"column":2},"end":{"line":54,"column":3}},"20":{"start":{"line":39,"column":4},"end":{"line":53,"column":7}},"21":{"start":{"line":40,"column":22},"end":{"line":41,"column":52}},"22":{"start":{"line":43,"column":21},"end":{"line":50,"column":14}},"23":{"start":{"line":52,"column":6},"end":{"line":52,"column":58}},"24":{"start":{"line":56,"column":2},"end":{"line":56,"column":33}},"25":{"start":{"line":59,"column":0},"end":{"line":63,"column":2}}},"fnMap":{"0":{"name":"(anonymous_0)","decl":{"start":{"line":5,"column":16},"end":{"line":5,"column":17}},"loc":{"start":{"line":5,"column":26},"end":{"line":9,"column":1}},"line":5},"1":{"name":"(anonymous_1)","decl":{"start":{"line":11,"column":19},"end":{"line":11,"column":20}},"loc":{"start":{"line":11,"column":27},"end":{"line":21,"column":1}},"line":11},"2":{"name":"(anonymous_2)","decl":{"start":{"line":12,"column":29},"end":{"line":12,"column":30}},"loc":{"start":{"line":12,"column":39},"end":{"line":12,"column":53}},"line":12},"3":{"name":"(anonymous_3)","decl":{"start":{"line":15,"column":17},"end":{"line":15,"column":18}},"loc":{"start":{"line":15,"column":34},"end":{"line":17,"column":3}},"line":15},"4":{"name":"(anonymous_4)","decl":{"start":{"line":23,"column":20},"end":{"line":23,"column":21}},"loc":{"start":{"line":23,"column":26},"end":{"line":57,"column":1}},"line":23},"5":{"name":"(anonymous_5)","decl":{"start":{"line":39,"column":19},"end":{"line":39,"column":20}},"loc":{"start":{"line":39,"column":29},"end":{"line":53,"column":5}},"line":39}},"branchMap":{"0":{"loc":{"start":{"line":13,"column":2},"end":{"line":13,"column":34}},"type":"if","locations":[{"start":{"line":13,"column":2},"end":{"line":13,"column":34}},{"start":{},"end":{}}],"line":13},"1":{"loc":{"start":{"line":38,"column":2},"end":{"line":54,"column":3}},"type":"if","locations":[{"start":{"line":38,"column":2},"end":{"line":54,"column":3}},{"start":{},"end":{}}],"line":38}},"s":{"0":1,"1":1,"2":1,"3":2,"4":2,"5":2,"6":1,"7":2,"8":2,"9":2,"10":2,"11":2,"12":0,"13":2,"14":2,"15":1,"16":1,"17":1,"18":1,"19":1,"20":1,"21":1,"22":1,"23":1,"24":1,"25":1},"f":{"0":2,"1":2,"2":2,"3":0,"4":1,"5":1},"b":{"0":[2,0],"1":[1,0]},"_coverageSchema":"1a1c01bbd47fc00a2c39e90264f33305004495a9","hash":"842c384c6ca99c2b3b8f1a235cdd706dcd817f90"}
}
